[sub]Command required
usage: commands <Command> [-h|--help]

                Available sosimple commands

Commands:

  init      Initialize sosimple node listener
  daemon    Start daemon process
  shutdown  Shutdown sosimple node listener
  ping      Ping connected Node
  send      Send a message
  log       View messages
  list      List all your friends

Arguments:

  -h  --help  Print help information

[sub]Command required
usage: commands <Command> [-h|--help]

                Available sosimple commands

Commands:

  init      Initialize sosimple node listener
  daemon    Start daemon process
  shutdown  Shutdown sosimple node listener
  ping      Ping connected Node
  send      Send a message
  log       View messages
  list      List all your friends

Arguments:

  -h  --help  Print help information

[sub]Command required
usage: commands <Command> [-h|--help]

                Available sosimple commands

Commands:

  init      Initialize sosimple node listener
  daemon    Start daemon process
  shutdown  Shutdown sosimple node listener
  ping      Ping connected Node
  send      Send a message
  log       View messages
  list      List all your friends

Arguments:

  -h  --help  Print help information

[sub]Command required
usage: commands <Command> [-h|--help]

                Available sosimple commands

Commands:

  init      Initialize sosimple node listener
  daemon    Start daemon process
  shutdown  Shutdown sosimple node listener
  ping      Ping connected Node
  send      Send a message
  log       View messages
  list      List all your friends

Arguments:

  -h  --help  Print help information

[sub]Command required
usage: commands <Command> [-h|--help]

                Available sosimple commands

Commands:

  init      Initialize sosimple node listener
  daemon    Start daemon process
  shutdown  Shutdown sosimple node listener
  ping      Ping connected Node
  send      Send a message
  log       View messages
  list      List all your friends

Arguments:

  -h  --help  Print help information

[sub]Command required
usage: commands <Command> [-h|--help]

                Available sosimple commands

Commands:

  init      Initialize sosimple node listener
  daemon    Start daemon process
  shutdown  Shutdown sosimple node listener
  ping      Ping connected Node
  send      Send a message
  log       View messages
  list      List all your friends

Arguments:

  -h  --help  Print help information

2020/05/06 18:17:36 Starting daemon process
2020/05/06 18:17:36 - - - - - - - - - - - - - - -
2020/05/06 18:17:36 daemon started
2020/05/06 18:17:36 listen tcp :8080: bind: address already in use
2020/05/06 18:17:50 Starting daemon process
2020/05/06 18:17:50 - - - - - - - - - - - - - - -
2020/05/06 18:17:50 daemon started
2020/05/06 18:17:50 listen tcp :8080: bind: address already in use
2020/05/06 18:21:27 Starting daemon process
2020/05/06 18:21:27 - - - - - - - - - - - - - - -
2020/05/06 18:21:27 daemon started
2020/05/06 18:24:34 - - - - - - - - - - - - - - -
2020/05/06 18:24:34 daemon started
2020/05/06 18:25:19 request from 127.0.0.1:44414: GET "/"
2020/05/06 18:25:21 request from 127.0.0.1:44418: GET "/"
2020/05/06 18:26:20 - - - - - - - - - - - - - - -
2020/05/06 18:26:20 daemon started
2020/05/06 18:26:44 request from 127.0.0.1:44424: GET "/"
2020/05/06 18:26:46 request from 127.0.0.1:44428: GET "/"
2020/05/06 18:26:56 - - - - - - - - - - - - - - -
2020/05/06 18:26:56 daemon started
2020/05/06 18:26:58 request from 127.0.0.1:44436: GET "/"
2020/05/06 20:51:41 - - - - - - - - - - - - - - -
2020/05/06 20:51:41 daemon started
2020/05/06 20:52:11 request from 127.0.0.1:34752: GET "/"
2020/05/06 20:53:23 request from 127.0.0.1:34770: GET "/"
2020/05/06 20:53:50 - - - - - - - - - - - - - - -
2020/05/06 20:53:50 daemon started
2020/05/06 21:22:08 - - - - - - - - - - - - - - -
2020/05/06 21:22:08 daemon started
2020/05/06 21:25:48 - - - - - - - - - - - - - - -
2020/05/06 21:25:48 daemon started
2020/05/06 21:30:05 - - - - - - - - - - - - - - -
2020/05/06 21:30:05 daemon started
2020/05/06 21:32:52 - - - - - - - - - - - - - - -
2020/05/06 21:32:52 daemon started
2020/05/06 21:33:00 authorizing new Node
2020/05/06 21:33:00 Cannot acquire directory lock on "/home/kac/.sosimple/".  Another process is using this Badger database.: resource temporarily unavailable
2020/05/06 21:33:00 http: panic serving [::1]:35776: Cannot acquire directory lock on "/home/kac/.sosimple/".  Another process is using this Badger database.: resource temporarily unavailable
goroutine 19 [running]:
net/http.(*conn).serve.func1(0xc0000c34a0)
	/usr/local/go/src/net/http/server.go:1772 +0x139
panic(0x884840, 0xc0000a1390)
	/usr/local/go/src/runtime/panic.go:975 +0x3e3
log.Panic(0xc000193970, 0x1, 0x1)
	/usr/local/go/src/log/log.go:351 +0xac
main.authorize(0x9ecf00, 0xc0001b00e0, 0xc000182300)
	/home/kac/sosimple-P2P/server.go:29 +0x1a8
net/http.HandlerFunc.ServeHTTP(0x957eb8, 0x9ecf00, 0xc0001b00e0, 0xc000182300)
	/usr/local/go/src/net/http/server.go:2012 +0x44
github.com/gorilla/mux.(*Router).ServeHTTP(0xc0001ae000, 0x9ecf00, 0xc0001b00e0, 0xc000182100)
	/home/kac/go/pkg/mod/github.com/gorilla/mux@v1.7.4/mux.go:210 +0xe2
net/http.serverHandler.ServeHTTP(0xc0001b0000, 0x9ecf00, 0xc0001b00e0, 0xc000182100)
	/usr/local/go/src/net/http/server.go:2807 +0xa3
net/http.(*conn).serve(0xc0000c34a0, 0x9ee0c0, 0xc0000d2500)
	/usr/local/go/src/net/http/server.go:1895 +0x86c
created by net/http.(*Server).Serve
	/usr/local/go/src/net/http/server.go:2933 +0x35c
